1674929864543	geckodriver	INFO	Listening on 127.0.0.1:49663
1674929867578	mozrunner::runner	INFO	Running command: "C:\\Program Files\\Mozilla Firefox\\firefox.exe" "--marionette" "--remote-debugging-port" "49668" "--remote-allow-hosts" "localhost" "-no-remote" "-profile" "C:\\WINDOWS\\TEMP\\rust_mozprofilextidXw"
1674929867895	Marionette	INFO	Marionette enabled
Dynamically enable window occlusion 0
1674929867900	Marionette	INFO	Listening on port 49685
Read port: 49685
WebDriver BiDi listening on ws://127.0.0.1:49668
1674929868030	RemoteAgent	WARN	TLS certificate errors will be ignored for this session
console.warn: SearchSettings: "get: No settings file exists, new profile?" (new NotFoundError("Could not open the file at C:\\WINDOWS\\TEMP\\rust_mozprofilextidXw\\search.json.mozlz4", (void 0)))
DevTools listening on ws://127.0.0.1:49668/devtools/browser/ccc52d70-3ba7-458d-bd1c-bb3131b0c690
1674929885783	Marionette	INFO	Stopped listening on port 49685
Dynamically enable window occlusion 1
console.warn: TopSitesFeed: Failed to fetch data from Contile server: NetworkError when attempting to fetch resource.
JavaScript error: resource://services-settings/Utils.jsm, line 230: TypeError: NetworkError: Network request failed
1674929973431	geckodriver	INFO	Listening on 127.0.0.1:49826
1674929976479	mozrunner::runner	INFO	Running command: "C:\\Program Files\\Mozilla Firefox\\firefox.exe" "--marionette" "--remote-debugging-port" "49827" "--remote-allow-hosts" "localhost" "-no-remote" "-profile" "C:\\WINDOWS\\TEMP\\rust_mozprofileM2QHua"
*** You are running in headless mode.
1674929976754	Marionette	INFO	Marionette enabled
Dynamically enable window occlusion 0
1674929976757	Marionette	INFO	Listening on port 49836
Read port: 49836
WebDriver BiDi listening on ws://127.0.0.1:49827
1674929976861	RemoteAgent	WARN	TLS certificate errors will be ignored for this session
[GFX1-]: RenderCompositorSWGL failed mapping default framebuffer, no dt
console.warn: SearchSettings: "get: No settings file exists, new profile?" (new NotFoundError("Could not open the file at C:\\WINDOWS\\TEMP\\rust_mozprofileM2QHua\\search.json.mozlz4", (void 0)))
DevTools listening on ws://127.0.0.1:49827/devtools/browser/e60eca17-9e25-4378-8a52-f0dce36068ec
JavaScript error: , line 0: NS_ERROR_NOT_AVAILABLE
1:49972
1674930110810	mozrunner::runner	INFO	Running command: "C:\\Program Files\\Mozilla Firefox\\firefox.exe" "--marionette" "--remote-debugging-port" "49973" "--remote-allow-hosts" "localhost" "-no-remote" "-profile" "C:\\WINDOWS\\TEMP\\rust_mozprofiledFqqsM"
*** You are running in headless mode.
1674930111145	Marionette	INFO	Marionette enabled
Dynamically enable window occlusion 0
1674930111149	Marionette	INFO	Listening on port 49982
WebDriver BiDi listening on ws://127.0.0.1:49973
Read port: 49982
1674930111512	RemoteAgent	WARN	TLS certificate errors will be ignored for this session
[GFX1-]: RenderCompositorSWGL failed mapping default framebuffer, no dt
console.warn: SearchSettings: "get: No settings file exists, new profile?" (new NotFoundError("Could not open the file at C:\\WINDOWS\\TEMP\\rust_mozprofiledFqqsM\\search.json.mozlz4", (void 0)))
DevTools listening on ws://127.0.0.1:49973/devtools/browser/405930c7-15e9-49dc-849b-4aeaa06c04f4
JavaScript error: , line 0: NS_ERROR_NOT_AVAILABLE
1:50151
1674930288010	mozrunner::runner	INFO	Running command: "C:\\Program Files\\Mozilla Firefox\\firefox.exe" "--marionette" "--remote-debugging-port" "50152" "--remote-allow-hosts" "localhost" "-no-remote" "-profile" "C:\\WINDOWS\\TEMP\\rust_mozprofileDrEyEW"
*** You are running in headless mode.
1674930288290	Marionette	INFO	Marionette enabled
Dynamically enable window occlusion 0
1674930288294	Marionette	INFO	Listening on port 50163
Read port: 50163
WebDriver BiDi listening on ws://127.0.0.1:50152
1674930288400	RemoteAgent	WARN	TLS certificate errors will be ignored for this session
[GFX1-]: RenderCompositorSWGL failed mapping default framebuffer, no dt
console.warn: SearchSettings: "get: No settings file exists, new profile?" (new NotFoundError("Could not open the file at C:\\WINDOWS\\TEMP\\rust_mozprofileDrEyEW\\search.json.mozlz4", (void 0)))
DevTools listening on ws://127.0.0.1:50152/devtools/browser/c5e5f3b1-9906-4a2b-86a1-03035f694bcc
JavaScript error: , line 0: NS_ERROR_NOT_AVAILABLE
1:50246
1674930311943	mozrunner::runner	INFO	Running command: "C:\\Program Files\\Mozilla Firefox\\firefox.exe" "--marionette" "--remote-debugging-port" "50247" "--remote-allow-hosts" "localhost" "-no-remote" "-profile" "C:\\WINDOWS\\TEMP\\rust_mozprofilePcuqni"
*** You are running in headless mode.
1674930312265	Marionette	INFO	Marionette enabled
Dynamically enable window occlusion 0
1674930312269	Marionette	INFO	Listening on port 50259
WebDriver BiDi listening on ws://127.0.0.1:50247
Read port: 50259
1674930312630	RemoteAgent	WARN	TLS certificate errors will be ignored for this session
[GFX1-]: RenderCompositorSWGL failed mapping default framebuffer, no dt
console.warn: SearchSettings: "get: No settings file exists, new profile?" (new NotFoundError("Could not open the file at C:\\WINDOWS\\TEMP\\rust_mozprofilePcuqni\\search.json.mozlz4", (void 0)))
DevTools listening on ws://127.0.0.1:50247/devtools/browser/e5eb8194-9c44-4870-aff5-55c3a11e5067
JavaScript error: , line 0: NS_ERROR_NOT_AVAILABLE
1:50410
1674930377227	mozrunner::runner	INFO	Running command: "C:\\Program Files\\Mozilla Firefox\\firefox.exe" "--marionette" "--remote-debugging-port" "50411" "--remote-allow-hosts" "localhost" "-no-remote" "-profile" "C:\\WINDOWS\\TEMP\\rust_mozprofilepdYOhE"
*** You are running in headless mode.
1674930377529	Marionette	INFO	Marionette enabled
Dynamically enable window occlusion 0
1674930377534	Marionette	INFO	Listening on port 50432
Read port: 50432
WebDriver BiDi listening on ws://127.0.0.1:50411
1674930377643	RemoteAgent	WARN	TLS certificate errors will be ignored for this session
[GFX1-]: RenderCompositorSWGL failed mapping default framebuffer, no dt
console.warn: SearchSettings: "get: No settings file exists, new profile?" (new NotFoundError("Could not open the file at C:\\WINDOWS\\TEMP\\rust_mozprofilepdYOhE\\search.json.mozlz4", (void 0)))
DevTools listening on ws://127.0.0.1:50411/devtools/browser/63d8eba4-51f1-430c-8297-171ef05a7a32
JavaScript error: , line 0: NS_ERROR_NOT_AVAILABLE
1:50524
1674930403808	mozrunner::runner	INFO	Running command: "C:\\Program Files\\Mozilla Firefox\\firefox.exe" "--marionette" "--remote-debugging-port" "50525" "--remote-allow-hosts" "localhost" "-no-remote" "-profile" "C:\\WINDOWS\\TEMP\\rust_mozprofilef6d3Dv"
*** You are running in headless mode.
1674930404164	Marionette	INFO	Marionette enabled
Dynamically enable window occlusion 0
1674930404169	Marionette	INFO	Listening on port 50538
WebDriver BiDi listening on ws://127.0.0.1:50525
Read port: 50538
1674930404410	RemoteAgent	WARN	TLS certificate errors will be ignored for this session
[GFX1-]: RenderCompositorSWGL failed mapping default framebuffer, no dt
console.warn: SearchSettings: "get: No settings file exists, new profile?" (new NotFoundError("Could not open the file at C:\\WINDOWS\\TEMP\\rust_mozprofilef6d3Dv\\search.json.mozlz4", (void 0)))
DevTools listening on ws://127.0.0.1:50525/devtools/browser/24fca0cc-cbb6-4362-825c-995e0b1f80e5
JavaScript error: , line 0: NS_ERROR_NOT_AVAILABLE
1:50636
1674930438989	mozrunner::runner	INFO	Running command: "C:\\Program Files\\Mozilla Firefox\\firefox.exe" "--marionette" "--remote-debugging-port" "50637" "--remote-allow-hosts" "localhost" "-no-remote" "-profile" "C:\\WINDOWS\\TEMP\\rust_mozprofileriLP7Q"
*** You are running in headless mode.
1674930439437	Marionette	INFO	Marionette enabled
Dynamically enable window occlusion 0
1674930439445	Marionette	INFO	Listening on port 50649
Read port: 50649
WebDriver BiDi listening on ws://127.0.0.1:50637
1674930439581	RemoteAgent	WARN	TLS certificate errors will be ignored for this session
[GFX1-]: RenderCompositorSWGL failed mapping default framebuffer, no dt
console.warn: SearchSettings: "get: No settings file exists, new profile?" (new NotFoundError("Could not open the file at C:\\WINDOWS\\TEMP\\rust_mozprofileriLP7Q\\search.json.mozlz4", (void 0)))
DevTools listening on ws://127.0.0.1:50637/devtools/browser/b1665d4e-bf6d-41b1-a2a6-2eb3293332c6
JavaScript error: , line 0: NS_ERROR_NOT_AVAILABLE
1:50907
1674930597635	mozrunner::runner	INFO	Running command: "C:\\Program Files\\Mozilla Firefox\\firefox.exe" "--marionette" "--remote-debugging-port" "50908" "--remote-allow-hosts" "localhost" "-no-remote" "-profile" "C:\\WINDOWS\\TEMP\\rust_mozprofile5NUeWf"
*** You are running in headless mode.
1674930597974	Marionette	INFO	Marionette enabled
Dynamically enable window occlusion 0
1674930597980	Marionette	INFO	Listening on port 50917
Read port: 50917
WebDriver BiDi listening on ws://127.0.0.1:50908
1674930598142	RemoteAgent	WARN	TLS certificate errors will be ignored for this session
[GFX1-]: RenderCompositorSWGL failed mapping default framebuffer, no dt
console.warn: SearchSettings: "get: No settings file exists, new profile?" (new NotFoundError("Could not open the file at C:\\WINDOWS\\TEMP\\rust_mozprofile5NUeWf\\search.json.mozlz4", (void 0)))
DevTools listening on ws://127.0.0.1:50908/devtools/browser/ca196f35-9430-4016-a426-e263f8d4c68e
JavaScript error: , line 0: NS_ERROR_NOT_AVAILABLE
1:51035
1674930684194	mozrunner::runner	INFO	Running command: "C:\\Program Files\\Mozilla Firefox\\firefox.exe" "--marionette" "--remote-debugging-port" "51036" "--remote-allow-hosts" "localhost" "-no-remote" "-profile" "C:\\WINDOWS\\TEMP\\rust_mozprofileFBtdSZ"
*** You are running in headless mode.
1674930684622	Marionette	INFO	Marionette enabled
Dynamically enable window occlusion 0
1674930684628	Marionette	INFO	Listening on port 51053
WebDriver BiDi listening on ws://127.0.0.1:51036
Read port: 51053
1674930684933	RemoteAgent	WARN	TLS certificate errors will be ignored for this session
[GFX1-]: RenderCompositorSWGL failed mapping default framebuffer, no dt
console.warn: SearchSettings: "get: No settings file exists, new profile?" (new NotFoundError("Could not open the file at C:\\WINDOWS\\TEMP\\rust_mozprofileFBtdSZ\\search.json.mozlz4", (void 0)))
DevTools listening on ws://127.0.0.1:51036/devtools/browser/24227bb4-ea76-4f54-97ac-f67357e906cc
JavaScript error: , line 0: NS_ERROR_NOT_AVAILABLE
1:51546
1674930881111	mozrunner::runner	INFO	Running command: "C:\\Program Files\\Mozilla Firefox\\firefox.exe" "--marionette" "--remote-debugging-port" "51547" "--remote-allow-hosts" "localhost" "-no-remote" "-profile" "C:\\WINDOWS\\TEMP\\rust_mozprofileGpubfl"
*** You are running in headless mode.
1674930881440	Marionette	INFO	Marionette enabled
Dynamically enable window occlusion 0
1674930881445	Marionette	INFO	Listening on port 51558
WebDriver BiDi listening on ws://127.0.0.1:51547
Read port: 51558
1674930881746	RemoteAgent	WARN	TLS certificate errors will be ignored for this session
[GFX1-]: RenderCompositorSWGL failed mapping default framebuffer, no dt
console.warn: SearchSettings: "get: No settings file exists, new profile?" (new NotFoundError("Could not open the file at C:\\WINDOWS\\TEMP\\rust_mozprofileGpubfl\\search.json.mozlz4", (void 0)))
DevTools listening on ws://127.0.0.1:51547/devtools/browser/6ffd9655-9f39-4118-94e7-9484a0386fde
JavaScript error: , line 0: NS_ERROR_NOT_AVAILABLE
1:51644
1674930913754	mozrunner::runner	INFO	Running command: "C:\\Program Files\\Mozilla Firefox\\firefox.exe" "--marionette" "--remote-debugging-port" "51645" "--remote-allow-hosts" "localhost" "-no-remote" "-profile" "C:\\WINDOWS\\TEMP\\rust_mozprofileHBIHEs"
*** You are running in headless mode.
1674930914099	Marionette	INFO	Marionette enabled
Dynamically enable window occlusion 0
1674930914107	Marionette	INFO	Listening on port 51654
Read port: 51654
WebDriver BiDi listening on ws://127.0.0.1:51645
1674930914253	RemoteAgent	WARN	TLS certificate errors will be ignored for this session
[GFX1-]: RenderCompositorSWGL failed mapping default framebuffer, no dt
console.warn: SearchSettings: "get: No settings file exists, new profile?" (new NotFoundError("Could not open the file at C:\\WINDOWS\\TEMP\\rust_mozprofileHBIHEs\\search.json.mozlz4", (void 0)))
DevTools listening on ws://127.0.0.1:51645/devtools/browser/6cf601b4-b4e2-44a1-8358-bf3be4c0b52f
JavaScript error: , line 0: NS_ERROR_NOT_AVAILABLE
1:51750
1674930948213	mozrunner::runner	INFO	Running command: "C:\\Program Files\\Mozilla Firefox\\firefox.exe" "--marionette" "--remote-debugging-port" "51751" "--remote-allow-hosts" "localhost" "-no-remote" "-profile" "C:\\WINDOWS\\TEMP\\rust_mozprofile8ca5Wr"
*** You are running in headless mode.
1674930948552	Marionette	INFO	Marionette enabled
Dynamically enable window occlusion 0
1674930948557	Marionette	INFO	Listening on port 51763
WebDriver BiDi listening on ws://127.0.0.1:51751
Read port: 51763
1674930948802	RemoteAgent	WARN	TLS certificate errors will be ignored for this session
[GFX1-]: RenderCompositorSWGL failed mapping default framebuffer, no dt
console.warn: SearchSettings: "get: No settings file exists, new profile?" (new NotFoundError("Could not open the file at C:\\WINDOWS\\TEMP\\rust_mozprofile8ca5Wr\\search.json.mozlz4", (void 0)))
DevTools listening on ws://127.0.0.1:51751/devtools/browser/cb3673ff-3c7b-48e6-b20e-b3a75b3b99a6
1674930980434	geckodriver	INFO	Listening on 127.0.0.1:51894
1674930983460	mozrunner::runner	INFO	Running command: "C:\\Program Files\\Mozilla Firefox\\firefox.exe" "--marionette" "--remote-debugging-port" "51895" "--remote-allow-hosts" "localhost" "-no-remote" "-profile" "C:\\WINDOWS\\TEMP\\rust_mozprofileM7IrzA"
1674930983788	Marionette	INFO	Marionette enabled
Dynamically enable window occlusion 0
1674930983794	Marionette	INFO	Listening on port 51906
Read port: 51906
WebDriver BiDi listening on ws://127.0.0.1:51895
1674930983925	RemoteAgent	WARN	TLS certificate errors will be ignored for this session
console.warn: SearchSettings: "get: No settings file exists, new profile?" (new NotFoundError("Could not open the file at C:\\WINDOWS\\TEMP\\rust_mozprofileM7IrzA\\search.json.mozlz4", (void 0)))
DevTools listening on ws://127.0.0.1:51895/devtools/browser/3765673b-b159-47cf-8321-f9a94a6bc270
1674931107550	Marionette	INFO	Stopped listening on port 51906
Dynamically enable window occlusion 1
console.warn: TopSitesFeed: Failed to fetch data from Contile server: NetworkError when attempting to fetch resource.
e-allow-hosts" "localhost" "-no-remote" "-profile" "C:\\WINDOWS\\TEMP\\rust_mozprofileTsA98I"
1674931036723	Marionette	INFO	Marionette enabled
Dynamically enable window occlusion 0
1674931036730	Marionette	INFO	Listening on port 52067
Read port: 52067
WebDriver BiDi listening on ws://127.0.0.1:52054
1674931036879	RemoteAgent	WARN	TLS certificate errors will be ignored for this session
console.warn: SearchSettings: "get: No settings file exists, new profile?" (new NotFoundError("Could not open the file at C:\\WINDOWS\\TEMP\\rust_mozprofileTsA98I\\search.json.mozlz4", (void 0)))
DevTools listening on ws://127.0.0.1:52054/devtools/browser/d93cc87d-17e3-4bca-a3b0-9e7935958552
1674931108456	Marionette	INFO	Stopped listening on port 52067
Dynamically enable window occlusion 1
console.warn: TopSitesFeed: Failed to fetch data from Contile server: NetworkError when attempting to fetch resource.
1674931187055	geckodriver	INFO	Listening on 127.0.0.1:52285
1674931190047	mozrunner::runner	INFO	Running command: "C:\\Program Files\\Mozilla Firefox\\firefox.exe" "--marionette" "--remote-debugging-port" "52286" "--remote-allow-hosts" "localhost" "-no-remote" "-profile" "C:\\WINDOWS\\TEMP\\rust_mozprofileT0jRLm"
1674931190396	Marionette	INFO	Marionette enabled
Dynamically enable window occlusion 0
1674931190402	Marionette	INFO	Listening on port 52294
Read port: 52294
WebDriver BiDi listening on ws://127.0.0.1:52286
1674931190561	RemoteAgent	WARN	TLS certificate errors will be ignored for this session
console.warn: SearchSettings: "get: No settings file exists, new profile?" (new NotFoundError("Could not open the file at C:\\WINDOWS\\TEMP\\rust_mozprofileT0jRLm\\search.json.mozlz4", (void 0)))
DevTools listening on ws://127.0.0.1:52286/devtools/browser/ccfdad17-fb7a-4303-ba81-528d51d58059
JavaScript warning: https://pagead2.googlesyndication.com/bg/61GpKCApVLYQT9jNIt6Sy6gazCCT9Y8KR4-jaxve3Xw.js line 2 > eval line 7455 > eval line 1 > eval line 1 > eval, line 1: WEBGL_debug_renderer_info is deprecated in Firefox and will be removed. Please use RENDERER.
JavaScript warning: https://pagead2.googlesyndication.com/bg/61GpKCApVLYQT9jNIt6Sy6gazCCT9Y8KR4-jaxve3Xw.js line 2 > eval line 4955 > eval line 1 > eval line 1 > eval, line 1: WEBGL_debug_renderer_info is deprecated in Firefox and will be removed. Please use RENDERER.
JavaScript warning: https://pagead2.googlesyndication.com/bg/61GpKCApVLYQT9jNIt6Sy6gazCCT9Y8KR4-jaxve3Xw.js line 2 > eval line 5782 > eval line 1 > eval line 1 > eval, line 1: WEBGL_debug_renderer_info is deprecated in Firefox and will be removed. Please use RENDERER.
JavaScript warning: https://pagead2.googlesyndication.com/bg/61GpKCApVLYQT9jNIt6Sy6gazCCT9Y8KR4-jaxve3Xw.js line 2 > eval line 1752 > eval line 1 > eval line 1 > eval, line 1: WEBGL_debug_renderer_info is deprecated in Firefox and will be removed. Please use RENDERER.
1674931348176	Marionette	WARN	Ignoring event 'pageshow' beca1674931350223	mozrunner::runner	INFO	Running command: "C:\\P1674931352973	Marionette	WARN	Ignoring event 'pageshow' because document has an invalid readyState of 'uninitialized'.
JavaScript error: , line 0: TypeError: NetworkError when attempting to fetch resource.
JavaScript error: , line 0: TypeError: NetworkError when attempting to fetch resource.
JavaScript error: , line 0: TypeError: NetworkError when attempting to fetch resource.
JavaScript warning: https://pagead2.googlesyndication.com/bg/61GpKCApVLYQT9jNIt6Sy6gazCCT9Y8KR4-jaxve3Xw.js line 2 > eval line 5938 > eval line 1 > eval line 1 > eval, line 1: WEBGL_debug_renderer_info is deprecated in Firefox and will be removed. Please use RENDERER.
JavaScript warning: https://pagead2.googlesyndication.com/bg/61GpKCApVLYQT9jNIt6Sy6gazCCT9Y8KR4-jaxve3Xw.js line 2 > eval line 4441 > eval line 1 > eval line 1 > eval, line 1: WEBGL_debug_renderer_info is deprecated in Firefox and will be removed. Please use RENDERER.
JavaScript warning: https://pagead2.googlesyndication.com/bg/61GpKCApVLYQT9jNIt6Sy6gazCCT9Y8KR4-jaxve3Xw.js line 2 > eval line 376 > eval line 1 > eval line 1 > eval, line 1: WEBGL_debug_renderer_info is deprecated in Firefox and will be removed. Please use RENDERER.
JavaScript warning: https://pagead2.googlesyndication.com/bg/61GpKCApVLYQT9jNIt6Sy6gazCCT9Y8KR4-jaxve3Xw.js line 2 > eval line 6410 > eval line 1 > eval line 1 > eval, line 1: WEBGL_debug_renderer_info is deprecated in Firefox and will be removed. Please use RENDERER.
JavaScript warning: https://z.moatads.com/chaseusdcm562975626226/moatad.js#moatClientLevel1=29145860&moatClientLevel2=2563410&moatClientLevel3=356033779&moatClientLevel4=184621685&zMoatG=ct=US&st=TX&city=14008&dma=104&zp=77840&bw=4&zMoatUSER=0&zMoatADV=6099545&zMoatAN_Sell=bleclick.net/ddm/adj/N5762.2264302DBM_CHASE/B29145860.356033779;sz=300x250;u=1:${SELLER_MEMBER_ID};dsp_id_0_=3;dsp_campaignid_0_=1010217954;dsp_publisherid_0_=pub-8933329999391104;dsp_chanid_0_=1;dsp_placementid_0_=19540647022;dsp_bidurl_0_=https://www.tutorialspoint.com/how-to-get-content-of-entire-page-using-selenium;dsp_dealid_0_=;dsp_impid_0_=v4~~ABAjH0j-8RdVteqUKQWAjtO23IeO;ord=[timestamp];dc_rfl=1,https://www.tutorialspoint.com/$0;dc_ref=https://www.tutorialspoint.com/how-to-get-content-of-entire-page-using-selenium;u_sd=1.25zMoatENV=j&zMoatEXCH=%pu!, line 242: WEBGL_debug_renderer_info is deprecated in Firefox and will be removed. Please use RENDERER.
JavaScript warning: https://z.moatads.com/chaseusdcm562975626226/moatad.js#moatClientLevel1=29145860&moatClientLevel2=2563410&moatClientLevel3=356033779&moatClientLevel4=184621685&zMoatG=ct=US&st=TX&city=14008&dma=104&zp=77840&bw=4&zMoatUSER=0&zMoatADV=6099545&zMoatAN_Sell=bleclick.net/ddm/adj/N5762.2264302DBM_CHASE/B29145860.356033779;sz=300x250;u=1:${SELLER_MEMBER_ID};dsp_id_0_=3;dsp_campaignid_0_=1010217954;dsp_publisherid_0_=pub-8933329999391104;dsp_chanid_0_=1;dsp_placementid_0_=19540647022;dsp_bidurl_0_=https://www.tutorialspoint.com/how-to-get-content-of-entire-page-using-selenium;dsp_dealid_0_=;dsp_impid_0_=v4~~ABAjH0jHGzwcUBgEkp6FyQ9TnALg;ord=[timestamp];dc_rfl=1,https://www.tutorialspoint.com/$0;dc_ref=https://www.tutorialspoint.com/how-to-get-content-of-entire-page-using-selenium;u_sd=1.25zMoatENV=j&zMoatEXCH=%pu!, line 242: WEBGL_debug_renderer_info is deprecated in Firefox and will be removed. Please use RENDERER.
JavaScript error: , line 0: TypeError: NetworkError when attempting to fetch resource.
JavaScript error: , line 0: TypeError: NetworkError when attempting to fetch resource.
JavaScript error: , line 0: TypeError: NetworkError when attempting to fetch resource.
JavaScript error: https://pagead2.googlesyndication.com/pagead/js/r20230126/r20110914/abg_lite.js, line 55: SyntaxError: JSON.parse: unexpected character at line 1 column 8 of the JSON data
JavaScript warning: https://pagead2.googlesyndication.com/bg/61GpKCApVLYQT9jNIt6Sy6gazCCT9Y8KR4-jaxve3Xw.js line 2 > eval line 7718 > eval line 1 > eval line 1 > eval, line 1: WEBGL_debug_renderer_info is deprecated in Firefox and will be removed. Please use RENDERER.
JavaScript error: https://pagead2.googlesyndication.com/pagead/js/r20230126/r20110914/abg_lite.js, line 55: SyntaxError: JSON.parse: unexpected character at line 1 column 8 of the JSON data
JavaScript error: https://pagead2.googlesyndication.com/pagead/js/r20230126/r20110914/abg_lite.js, line 55: SyntaxError: JSON.parse: unexpected character at line 1 column 8 of the JSON data
JavaScript warning: https://pagead2.googlesyndication.com/bg/61GpKCApVLYQT9jNIt6Sy6gazCCT9Y8KR4-jaxve3Xw.js line 2 > eval line 4949 > eval line 1 > eval line 1 > eval, line 1: WEBGL_debug_renderer_info is deprecated in Firefox and will be removed. Please use RENDERER.
JavaScript warning: https://pagead2.googlesyndication.com/bg/61GpKCApVLYQT9jNIt6Sy6gazCCT9Y8KR4-jaxve3Xw.js line 2 > eval line 1179 > eval line 1 > eval line 1 > eval, line 1: WEBGL_debug_renderer_info is deprecated in Firefox and will be removed. Please use RENDERER.
JavaScript error: , line 0: TypeError: NetworkError when attempting to fetch resource.
JavaScript error: , line 0: TypeError: NetworkError when attempting to fetch resource.
JavaScript error: , line 0: TypeError: NetworkError when attempting to fetch resource.
JavaScript error: , line 0: TypeError: NetworkError when attempting to fetch resource.
JavaScript error: , line 0: TypeError: NetworkError when attempting to fetch resource.
JavaScript error: , line 0: TypeError: NetworkError when attempting to fetch resource.
JavaScript warning: https://pagead2.googlesyndication.com/bg/61GpKCApVLYQT9jNIt6Sy6gazCCT9Y8KR4-jaxve3Xw.js line 2 > eval line 6737 > eval line 1 > eval line 1 > eval, line 1: WEBGL_debug_renderer_info is deprecated in Firefox and will be removed. Please use RENDERER.
JavaScript warning: https://pagead2.googlesyndication.com/bg/61GpKCApVLYQT9jNIt6Sy6gazCCT9Y8KR4-jaxve3Xw.js line 2 > eval line 4748 > eval line 1 > eval line 1 > eval, line 1: WEBGL_debug_renderer_info is deprecated in Firefox and will be removed. Please use RENDERER.
JavaScript warning: https://pagead2.googlesyndication.com/bg/61GpKCApVLYQT9jNIt6Sy6gazCCT9Y8KR4-jaxve3Xw.js line 2 > eval line 4286 > eval line 1 > eval line 1 > eval, line 1: WEBGL_debug_renderer_info is deprecated in Firefox and will be removed. Please use RENDERER.
JavaScript error: , line 0: TypeError: NetworkError when attempting to fetch resource.
JavaScript error: , line 0: TypeError: NetworkError when attempting to fetch resource.
JavaScript error: , line 0: TypeError: NetworkError when attempting to fetch resource.
JavaScript warning: https://pagead2.googlesyndication.com/bg/61GpKCApVLYQT9jNIt6Sy6gazCCT9Y8KR4-jaxve3Xw.js line 2 > eval line 6051 > eval line 1 > eval line 1 > eval, line 1: WEBGL_debug_renderer_info is deprecated in Firefox and will be removed. Please use RENDERER.
JavaScript warning: https://pagead2.googlesyndication.com/bg/61GpKCApVLYQT9jNIt6Sy6gazCCT9Y8KR4-jaxve3Xw.js line 2 > eval line 6010 > eval line 1 > eval line 1 > eval, line 1: WEBGL_debug_renderer_info is deprecated in Firefox and will be removed. Please use RENDERER.
JavaScript warning: https://pagead2.googlesyndication.com/bg/61GpKCApVLYQT9jNIt6Sy6gazCCT9Y8KR4-jaxve3Xw.js line 2 > eval line 4498 > eval line 1 > eval line 1 > eval, line 1: WEBGL_debug_renderer_info is deprecated in Firefox and will be removed. Please use RENDERER.
JavaScript error: , line 0: uncaught exception: 7
JavaScript error: , line 0: TypeError: NetworkError when attempting to fetch resource.
JavaScript error: , line 0: TypeError: NetworkError when attempting to fetch resource.
JavaScript error: , line 0: TypeError: NetworkError when attempting to fetch resource.
JavaScript error: , line 0: TypeError: NetworkError when attempting to fetch resource.
JavaScript warning: https://pagead2.googlesyndication.com/bg/61GpKCApVLYQT9jNIt6Sy6gazCCT9Y8KR4-jaxve3Xw.js line 2 > eval line 7716 > eval line 1 > eval line 1 > eval, line 1: WEBGL_debug_renderer_info is deprecated in Firefox and will be removed. Please use RENDERER.
JavaScript warning: https://pagead2.googlesyndication.com/bg/61GpKCApVLYQT9jNIt6Sy6gazCCT9Y8KR4-jaxve3Xw.js line 2 > eval line 3084 > eval line 1 > eval line 1 > eval, line 1: WEBGL_debug_renderer_info is deprecated in Firefox and will be removed. Please use RENDERER.
JavaScript warning: https://pagead2.googlesyndication.com/bg/61GpKCApVLYQT9jNIt6Sy6gazCCT9Y8KR4-jaxve3Xw.js line 2 > eval line 3134 > eval line 1 > eval line 1 > eval, line 1: WEBGL_debug_renderer_info is deprecated in Firefox and will be removed. Please use RENDERER.
JavaScript error: , line 0: TypeError: NetworkError when attempting to fetch resource.
JavaScript error: , line 0: TypeError: NetworkError when attempting to fetch resource.
JavaScript error: , line 0: TypeError: NetworkError when attempting to fetch resource.
JavaScript error: , line 0: TypeError: NetworkError when attempting to fetch resource.
JavaScript warning: https://pagead2.googlesyndication.com/bg/61GpKCApVLYQT9jNIt6Sy6gazCCT9Y8KR4-jaxve3Xw.js line 2 > eval line 7207 > eval line 1 > eval line 1 > eval, line 1: WEBGL_debug_renderer_info is deprecated in Firefox and will be removed. Please use RENDERER.
JavaScript error: , line 0: uncaught exception: 7
JavaScript warning: https://pagead2.googlesyndication.com/bg/61GpKCApVLYQT9jNIt6Sy6gazCCT9Y8KR4-jaxve3Xw.js line 2 > eval line 5519 > eval line 1 > eval line 1 > eval, line 1: WEBGL_debug_renderer_info is deprecated in Firefox and will be removed. Please use RENDERER.
JavaScript warning: https://pagead2.googlesyndication.com/bg/61GpKCApVLYQT9jNIt6Sy6gazCCT9Y8KR4-jaxve3Xw.js line 2 > eval line 6396 > eval line 1 > eval line 1 > eval, line 1: WEBGL_debug_renderer_info is deprecated in Firefox and will be removed. Please use RENDERER.
JavaScript error: , line 0: TypeError: NetworkError when attempting to fetch resource.
JavaScript error: , line 0: TypeError: NetworkError when attempting to fetch resource.
JavaScript error: , line 0: TypeError: NetworkError when attempting to fetch resource.
JavaScript error: , line 0: TypeError: NetworkError when attempting to fetch resource.
JavaScript warning: https://pagead2.googlesyndication.com/bg/61GpKCApVLYQT9jNIt6Sy6gazCCT9Y8KR4-jaxve3Xw.js line 2 > eval line 2969 > eval line 1 > eval line 1 > eval, line 1: WEBGL_debug_renderer_info is deprecated in Firefox and will be removed. Please use RENDERER.
JavaScript error: , line 0: TypeError: NetworkError when attempting to fetch resource.
JavaScript warning: https://z.moatads.com/quantcastv2691176990399/moatad.js#moatClientLevel1=p-tTB93UFC5vepM&moatClientLevel2=qfm&moatClientLevel3=15bd1e83-75a1-4a39-9b18-bb355de09140&moatClientLevel4=f776d34b-3970-4872-a35a-3ce9b74a6816&uid=tjFXErM1JWPYMi5ntygiEMc2Ox7ER1MLtkQvEcM9ImexQS8TrHLd2w==, line 240: WEBGL_debug_renderer_info is deprecated in Firefox and will be removed. Please use RENDERER.
JavaScript error: , line 0: TypeError: NetworkError when attempting to fetch resource.
JavaScript error: , line 0: TypeError: NetworkError when attempting to fetch resource.
JavaScript error: , line 0: TypeError: NetworkError when attempting to fetch resource.
JavaScript warning: https://pagead2.googlesyndication.com/bg/61GpKCApVLYQT9jNIt6Sy6gazCCT9Y8KR4-jaxve3Xw.js line 2 > eval line 6655 > eval line 1 > eval line 1 > eval, line 1: WEBGL_debug_renderer_info is deprecated in Firefox and will be removed. Please use RENDERER.
JavaScript error: , line 0: TypeError: NetworkError when attempting to fetch resource.
JavaScript warning: https://pagead2.googlesyndication.com/bg/61GpKCApVLYQT9jNIt6Sy6gazCCT9Y8KR4-jaxve3Xw.js line 2 > eval line 3090 > eval line 1 > eval line 1 > eval, line 1: WEBGL_debug_renderer_info is deprecated in Firefox and will be removed. Please use RENDERER.
JavaScript warning: https://pagead2.googlesyndication.com/bg/61GpKCApVLYQT9jNIt6Sy6gazCCT9Y8KR4-jaxve3Xw.js line 2 > eval line 6871 > eval line 1 > eval line 1 > eval, line 1: WEBGL_debug_renderer_info is deprecated in Firefox and will be removed. Please use RENDERER.
JavaScript warning: https://pagead2.googlesyndication.com/bg/61GpKCApVLYQT9jNIt6Sy6gazCCT9Y8KR4-jaxve3Xw.js line 2 > eval line 1822 > eval line 1 > eval line 1 > eval, line 1: WEBGL_debug_renderer_info is deprecated in Firefox and will be removed. Please use RENDERER.
JavaScript warning: https://pagead2.googlesyndication.com/bg/61GpKCApVLYQT9jNIt6Sy6gazCCT9Y8KR4-jaxve3Xw.js line 2 > eval line 6527 > eval line 1 > eval line 1 > eval, line 1: WEBGL_debug_renderer_info is deprecated in Firefox and will be removed. Please use RENDERER.
JavaScript error: , line 0: TypeError: NetworkError when attempting to fetch resource.
JavaScript error: , line 0: TypeError: NetworkError when attempting to fetch resource.
JavaScript error: , line 0: TypeError: NetworkError when attempting to fetch resource.
JavaScript error: , line 0: TypeError: NetworkError when attempting to fetch resource.
JavaScript warning: https://pagead2.googlesyndication.com/bg/61GpKCApVLYQT9jNIt6Sy6gazCCT9Y8KR4-jaxve3Xw.js line 2 > eval line 4503 > eval line 1 > eval line 1 > eval, line 1: WEBGL_debug_renderer_info is deprecated in Firefox and will be removed. Please use RENDERER.
JavaScript warning: https://pagead2.googlesyndication.com/bg/61GpKCApVLYQT9jNIt6Sy6gazCCT9Y8KR4-jaxve3Xw.js line 2 > eval line 188 > eval line 1 > eval line 1 > eval, line 1: WEBGL_debug_renderer_info is deprecated in Firefox and will be removed. Please use RENDERER.
JavaScript warning: https://pagead2.googlesyndication.com/bg/61GpKCApVLYQT9jNIt6Sy6gazCCT9Y8KR4-jaxve3Xw.js line 2 > eval line 568JavaScript error: , line 0: NS_ERROR_NOT_AVAILABLE
debug_renderer_info is deprecated in Firefox and will be removed. Please use RENDERER.
JavaScript warning: https://pagead2.googlesyndication.com/bg/qJHh-aUWlcs1sYgB_nvEplbJ1uLycgbr3tEtSMk_R_c.js line 2 > eval line 564 > eval line 1 > eval line 1 > eval, line 1: WEBGL_debug_renderer_info is deprecated in Firefox and will be removed. Please use RENDERER.
JavaScript error: , line 0: TypeError: NetworkError when attempting to fetch resource.
JavaScript error: , line 0: TypeError: NetworkError when attempting to fetch resource.
JavaScript error: , line 0: TypeError: NetworkError when attempting to fetch resource.
JavaScript error: , line 0: TypeError: NetworkError when attempting to fetch resource.
JavaScript error: , line 0: TypeError: NetworkError when attempting to fetch resource.
JavaScript warning: https://pagead2.googlesyndication.com/bg/61GpKCApVLYQT9jNIt6Sy6gazCCT9Y8KR4-jaxve3Xw.js line 2 > eval line 3000 > eval line 1 > eval line 1 > eval, line 1: WEBGL_debug_renderer_info is deprecated in Firefox and will be removed. Please use RENDERER.
JavaScript warning: https://pagead2.googlesyndication.com/bg/61GpKCApVLYQT9jNIt6Sy6gazCCT9Y8KR4-jaxve3Xw.js line 2 > eval line 6508 > eval line 1 > eval line 1 > eval, line 1: WEBGL_debug_renderer_info is deprecated in Firefox and will be removed. Please use RENDERER.
JavaScript warning: https://secure-ds.serJavaScript error: , line 0: NS_ERROR_NOT_AVAILABLE
tdBanner.js, line 136: WEBGL_debug_renderer_info is deprecated in Firefox and will be removed. Please use RENDERER.
JavaScript error: , line 0: TypeError: NetworkError when attempting to fetch resource.
JavaScript error: , line 0: TypeError: NetworkError when attempting to fetch resource.
JavaScript warning: https://z.moatads.com/chaseusdcm562975626226/moatad.js#moatClientLevel1=29145860&moatClientLevel2=2563410&moatClientLevel3=355707170&moatClientLevel4=184621685&zMoatG=ct=US&st=TX&city=14008&dma=104&zp=77840&bw=4&zMoatUSER=0&zMoatADV=6099545&zMoatAN_Sell=bleclick.net/ddm/adj/N5762.2264302DBM_CHASE/B29145860.355707170;sz=300x250;u=1:${SELLER_MEMBER_ID};dsp_id_0_=3;dsp_campaignid_0_=1010178164;dsp_publisherid_0_=pub-8933329999391104;dsp_chanid_0_=1;dsp_placementid_0_=19540382284;dsp_bidurl_0_=https://www.tutorialspoint.com/how-to-get-content-of-entire-page-using-selenium;dsp_dealid_0_=;dsp_impid_0_=v4~~ABAjH0gL2S05_3VQZfpQNDg83I_8;ord=[timestamp];dc_rfl=1,https://www.tutorialspoint.com/$0;dc_ref=https://www.tutorialspoint.com/how-to-get-content-of-entire-page-using-selenium;u_sd=1.25zMoatENV=j&zMoatEXCH=%pu!, line 242: WEBGL_debug_renderer_info is deprecated in Firefox and will be removed. Please use RENDERER.
JavaScript warning: https://pagead2.googlesyndication.com/bg/61GpKCApVLYQT9jNIt6Sy6gazCCT9Y8KR4-jaxve3Xw.js line 2 > eval line 69 > eval line 1 > eval line 1 > eval, line 1: WEBGL_debug_renderer_info is deprecated in Firefox and will be removed. Please use RENDERER.
JavaScript warning: https://pagead2.googlesyndication.com/bg/61GpKCApVLYQT9jNIt6Sy6gazCCT9Y8KR4-jaxve3Xw.js line 2 > eval line 3138 > eval line 1 > eval line 1 > eval, line 1: WEBGL_debug_renderer_info is deprecated in Firefox and will be removed. Please use RENDERER.
JavaScript error: , line 0: TypeError: NetworkError when attempting to fetch resource.
JavaScript error: , line 0: TypeError: NetworkError when attempting to fetch resource.
JavaScript warning: https://pagead2.googlesyndication.com/bg/61GpKCApVLYQT9jNIt6Sy6gazCCT9Y8KR4-jaxve3Xw.js line 2 > eval line 318 > eval line 1 > eval line 1 > eval, line 1: WEBGL_debug_renderer_info is deprecated in Firefox and will be removed. Please use RENDERER.
JavaScript error: , line 0: TypeError: NetworkError when attempting to fetch resource.
JavaScript warning: https://pagead2.googlesyndication.com/bg/61GpKCApVLYQT9jNIt6Sy6gazCCT9Y8KR4-jaxve3Xw.js line 2 > eval line 2290 > eval line 1 > eval line 1 > eval, line 1: WEBGL_debug_renderer_info is deprecated in Firefox and will be removed. Please use RENDERER.
JavaScript error: , line 0: TypeError: NetworkError when attempting to fetch resource.
JavaScript error: , line 0: TypeError: NetworkError when attempting to fetch resource.
JavaScript warning: https://pagead2.googlesyndication.com/bg/61GpKCApVLYQT9jNIt6Sy6gazCCT9Y8KR4-jaxve3Xw.js line 2 > eval line 53 > eval line 1 > eval line 1 > eval, line 1: WEBGL_debug_renderer_info is deprecated in Firefox and will be removed. Please use RENDERER.
JavaScript error: , line 0: TypeError: NetworkError when attempting to fetch resource.
JavaScript warning: https://pagead2.googlesyndication.com/bg/61GpKCApVLYQT9jNIt6Sy6gazCCT9Y8KR4-jaxve3Xw.js line 2 > eval line 896 > eval line 1 > eval line 1 > eval, line 1: WEBGL_debug_renderer_info is deprecated in Firefox and will be removed. Please use RENDERER.
JavaScript error: , line 0: TypeError: NetworkError when attempting to fetch resource.
JavaScript error: , line 0: TypeError: NetworkError when attempting to fetch resource.
JavaScript error: , line 0: TypeError: NetworkError when attempting to fetch resource.
JavaScript error: , line 0: TypeError: NetworkError when attempting to fetch resource.
JavaScript warning: https://pagead2.googlesyndication.com/bg/61GpKCApVLYQT9jNIt6Sy6gazCCT9Y8KR4-jaxve3Xw.js line 2 > eval line 5914 > eval line 1 > eval line 1 > eval, line 1: WEBGL_debug_renderer_info is deprecated in Firefox and will be removed. Please use RENDERER.
JavaScript warning: https://pagead2.googlesyndication.com/bg/61GpKCApVLYQT9jNIt6Sy6gazCCT9Y8KR4-jaxve3Xw.js line 2 > eval line 2056 > eval line 1 > eval line 1 > eval, line 1: WEBGL_debug_renderer_info is deprecated in Firefox and will be removed. Please use RENDERER.
JavaScript error: , line 0: TypeError: NetworkError when attempting to fetch resource.
JavaScript error: , line 0: TypeError: NetworkError when attempting to fetch resource.
JavaScript error: , line 0: TypeError: NetworkError when attempting to fetch resource.
JavaScript error: , line 0: TypeError: NetworkError when attempting to fetch resource.
JavaScript warning: https://pagead2.googlesyndication.com/bg/61GpKCApVLYQT9jNIt6Sy6gazCCT9Y8KR4-jaxve3Xw.js line 2 > eval line 7648 > eval line 1 > eval line 1 > eval, line 1: WEBGL_debug_renderer_info is deprecated in Firefox and will be removed. Please use RENDERER.
JavaScript error: , line 0: TypeError: NetworkError when attempting to fetch resource.
JavaScript error: , line 0: TypeError: NetworkError when attempting to fetch resource.
JavaScript warning: https://pagead2.googlesyndication.com/bg/61GpKCApVLYQT9jNIt6Sy6gazCCT9Y8KR4-jaxve3Xw.js line 2 > eval line 7420 > eval line 1 > eval line 1 > eval, line 1: WEBGL_debug_renderer_info is deprecated in Firefox and will be removed. Please use RENDERER.
JavaScript error: , line 0: TypeError: NetworkError when attempting to fetch resource.
JavaScript error: , line 0: TypeError: NetworkError when attempting to fetch resource.
JavaScript warning: https://pagead2.googlesyndication.com/bg/61GpKCApVLYQT9jNIt6Sy6gazCCT9Y8KR4-jaxve3Xw.js line 2 > eval line 7801 > eval line 1 > eval line 1 > eval, line 1: WEBGL_debug_renderer_info is deprecated in Firefox and will be removed. Please use RENDERER.
JavaScript warning: https://pagead2.googlesyndication.com/bg/61GpKCApVLYQT9jNIt6Sy6gazCCT9Y8KR4-jaxve3Xw.js line 2 > eval line 1156 > eval line 1 > eval line 1 > eval, line 1: WEBGL_debug_renderer_info is deprecated in Firefox and will be removed. Please use RENDERER.
JavaScript warning: https://pagead2.googlesyndication.com/bg/61GpKCApVLYQT9jNIt6Sy6gazCCT9Y8KR4-jaxve3Xw.js line 2 > eval line 1019 > eval line 1 > eval line 1 > eval, line 1: WEBGL_debug_renderer_info is deprecated in Firefox and will be removed. Please use RENDERER.
JavaScript error: , line 0: TypeError: NetworkError when attempting to fetch resource.
JavaScript error: , line 0: TypeError: NetworkError when attempting to fetch resource.
JavaScript error: , line 0: TypeError: NetworkError when attempting to fetch resource.
JavaScript error: , line 0: TypeError: NetworkError when attempting to fetch resource.
JavaScript error: , line 0: TypeError: NetworkError when attempting to fetch resource.
JavaScript warning: https://pagead2.googlesyndication.com/bg/61GpKCApVLYQT9jNIt6Sy6gazCCT9Y8KR4-jaxve3Xw.js line 2 > eval line 5914 > eval line 1 > eval line 1 > eval, line 1: WEBGL_debug_renderer_info is deprecated in Firefox and will be removed. Please use RENDERER.
JavaScript warning: https://pagead2.googlesyndication.com/bg/61GpKCApVLYQT9jNIt6Sy6gazCCT9Y8KR4-jaxve3Xw.js line 2 > eval line 335 > eval line 1 > eval line 1 > eval, line 1: WEBGL_debug_renderer_info is deprecated in Firefox and will be removed. Please use RENDERER.
JavaScript warning: https://pagead2.googlesyndication.com/bg/61GpKCApVLYQT9jNIt6Sy6gazCCT9Y8KR4-jaxve3Xw.js line 2 > eval line 7186 > eval line 1 > eval line 1 > eval, line 1: WEBGL_debug_renderer_info is deprecated in Firefox and will be removed. Please use RENDERER.
JavaScript error: , line 0: uncaught exception: 7
JavaScript error: , line 0: TypeError: NetworkError when attempting to fetch resource.
JavaScript error: , line 0: TypeError: NetworkError when attempting to fetch resource.
JavaScript error: , line 0: TypeError: NetworkError when attempting to fetch resource.
JavaScript warning: https://cdn.js7k.com/rq/iv/inside.js, line 1: WEBGL_debug_renderer_info is deprecated in Firefox and will be removed. Please use RENDERER.
1674931934475	Marionette	INFO	Stopped listening on port 52294
Dynamically enable window occlusion 1
JavaScript error: , line 0: TypeError: NetworkError when attempting to fetch resource.
JavaScript error: , line 0: TypeError: NetworkError when attempting to fetch resource.
JavaScript error: , line 0: TypeError: NetworkError when attempting to fetch resource.
JavaScript error: , line 0: TypeError: NetworkError when attempting to fetch resource.
console.warn: TopSitesFeed: Failed to fetch data from Contile server: NetworkError when attempting to fetch resource.
